Jan-20 17:55:55.376 [main] DEBUG nextflow.cli.Launcher - $> nextflow run workflow.nf
Jan-20 17:55:55.501 [main] DEBUG nextflow.cli.CmdRun - N E X T F L O W  ~  version 24.10.3
Jan-20 17:55:55.534 [main] DEBUG nextflow.plugin.PluginsFacade - Setting up plugin manager > mode=prod; embedded=false; plugins-dir=/Users/dhanalakshmijothi/.nextflow/plugins; core-plugins: nf-amazon@2.9.2,nf-azure@1.10.2,nf-cloudcache@0.4.2,nf-codecommit@0.2.2,nf-console@1.1.4,nf-google@1.15.3,nf-tower@1.9.3,nf-wave@1.7.4
Jan-20 17:55:55.577 [main] INFO  o.pf4j.DefaultPluginStatusProvider - Enabled plugins: []
Jan-20 17:55:55.578 [main] INFO  o.pf4j.DefaultPluginStatusProvider - Disabled plugins: []
Jan-20 17:55:55.582 [main] INFO  org.pf4j.DefaultPluginManager - PF4J version 3.12.0 in 'deployment' mode
Jan-20 17:55:55.601 [main] INFO  org.pf4j.AbstractPluginManager - No plugins
Jan-20 17:55:55.682 [main] DEBUG nextflow.cli.CmdRun - Applied DSL=2 by global default
Jan-20 17:55:55.717 [main] DEBUG nextflow.cli.CmdRun - Launching `workflow.nf` [jovial_mandelbrot] DSL2 - revision: 460860561a
Jan-20 17:55:55.719 [main] DEBUG nextflow.plugin.PluginsFacade - Plugins default=[]
Jan-20 17:55:55.719 [main] DEBUG nextflow.plugin.PluginsFacade - Plugins resolved requirement=[]
Jan-20 17:55:55.814 [main] DEBUG nextflow.Session - Session UUID: 867a403b-6839-4fef-a458-cf5885ccbf74
Jan-20 17:55:55.818 [main] DEBUG nextflow.Session - Run name: jovial_mandelbrot
Jan-20 17:55:55.819 [main] DEBUG nextflow.Session - Executor pool size: 8
Jan-20 17:55:55.850 [main] DEBUG nextflow.file.FilePorter - File porter settings maxRetries=3; maxTransfers=50; pollTimeout=null
Jan-20 17:55:55.864 [main] DEBUG nextflow.util.ThreadPoolBuilder - Creating thread pool 'FileTransfer' minSize=10; maxSize=24; workQueue=LinkedBlockingQueue[10000]; allowCoreThreadTimeout=false
Jan-20 17:55:56.114 [main] DEBUG nextflow.cli.CmdRun - 
  Version: 24.10.3 build 5933
  Created: 16-12-2024 15:34 UTC (16:34 CEST)
  System: Mac OS X 12.7.6
  Runtime: Groovy 4.0.23 on OpenJDK 64-Bit Server VM 17.0.10+7
  Encoding: UTF-8 (UTF-8)
  Process: 5044@Dhanalakshmis-MacBook-Air.local [127.0.0.1]
  CPUs: 8 - Mem: 8 GB (23.9 MB) - Swap: 2 GB (599.5 MB)
Jan-20 17:55:56.149 [main] DEBUG nextflow.Session - Work-dir: /Users/dhanalakshmijothi/GTEx_Pro/work [Mac OS X]
Jan-20 17:55:56.150 [main] DEBUG nextflow.Session - Script base path does not exist or is not a directory: /Users/dhanalakshmijothi/GTEx_Pro/bin
Jan-20 17:55:56.182 [main] DEBUG nextflow.executor.ExecutorFactory - Extension executors providers=[]
Jan-20 17:55:56.219 [main] DEBUG nextflow.Session - Observer factory: DefaultObserverFactory
Jan-20 17:55:56.262 [main] DEBUG nextflow.cache.CacheFactory - Using Nextflow cache factory: nextflow.cache.DefaultCacheFactory
Jan-20 17:55:56.281 [main] DEBUG nextflow.util.CustomThreadPool - Creating default thread pool > poolSize: 9; maxThreads: 1000
Jan-20 17:55:56.370 [main] DEBUG nextflow.Session - Session start
Jan-20 17:55:57.000 [main] DEBUG nextflow.script.ScriptRunner - > Launching execution
Jan-20 17:55:57.015 [main] DEBUG n.secret.LocalSecretsProvider - Secrets store: /Users/dhanalakshmijothi/.nextflow/secrets/store.json
Jan-20 17:55:57.026 [main] DEBUG nextflow.secret.SecretsLoader - Discovered secrets providers: [nextflow.secret.LocalSecretsProvider@45e617c4] - activable => nextflow.secret.LocalSecretsProvider@45e617c4
Jan-20 17:55:57.195 [main] DEBUG nextflow.executor.ExecutorFactory - << taskConfig executor: null
Jan-20 17:55:57.195 [main] DEBUG nextflow.executor.ExecutorFactory - >> processorType: 'local'
Jan-20 17:55:57.205 [main] DEBUG nextflow.executor.Executor - [warm up] executor > local
Jan-20 17:55:57.219 [main] DEBUG n.processor.LocalPollingMonitor - Creating local task monitor for executor 'local' > cpus=8; memory=8 GB; capacity=8; pollInterval=100ms; dumpInterval=5m
Jan-20 17:55:57.223 [main] DEBUG n.processor.TaskPollingMonitor - >>> barrier register (monitor: local)
Jan-20 17:55:57.338 [main] DEBUG nextflow.Session - Workflow process names [dsl2]: data_acquisition
Jan-20 17:55:57.338 [main] DEBUG nextflow.Session - Igniting dataflow network (1)
Jan-20 17:55:57.339 [main] DEBUG nextflow.processor.TaskProcessor - Starting process > data_acquisition
Jan-20 17:55:57.340 [main] DEBUG nextflow.script.ScriptRunner - Parsed script files:
  Script_db4eff50a0b35360: /Users/dhanalakshmijothi/GTEx_Pro/workflow.nf
Jan-20 17:55:57.341 [main] DEBUG nextflow.script.ScriptRunner - > Awaiting termination 
Jan-20 17:55:57.341 [main] DEBUG nextflow.Session - Session await
Jan-20 17:55:57.537 [Task submitter] DEBUG n.executor.local.LocalTaskHandler - Launch cmd line: /bin/bash -ue .command.run
Jan-20 17:55:57.541 [Task submitter] INFO  nextflow.Session - [6f/305ac7] Submitted process > data_acquisition
Jan-20 17:55:57.571 [Task monitor] DEBUG n.processor.TaskPollingMonitor - Task completed > TaskHandler[id: 1; name: data_acquisition; status: COMPLETED; exit: 0; error: -; workDir: /Users/dhanalakshmijothi/GTEx_Pro/work/6f/305ac781a14b88aee28e6a2943fe15]
Jan-20 17:55:57.573 [Task monitor] DEBUG nextflow.util.ThreadPoolBuilder - Creating thread pool 'TaskFinalizer' minSize=10; maxSize=24; workQueue=LinkedBlockingQueue[10000]; allowCoreThreadTimeout=false
Jan-20 17:55:57.627 [TaskFinalizer-1] DEBUG nextflow.processor.TaskProcessor - Handling unexpected condition for
  task: name=data_acquisition; work-dir=/Users/dhanalakshmijothi/GTEx_Pro/work/6f/305ac781a14b88aee28e6a2943fe15
  error [nextflow.exception.MissingFileException]: Missing output file(s) `data/raw/*` expected by process `data_acquisition`
Jan-20 17:55:57.658 [TaskFinalizer-1] ERROR nextflow.processor.TaskProcessor - Error executing process > 'data_acquisition'

Caused by:
  Missing output file(s) `data/raw/*` expected by process `data_acquisition`


Command executed:

  # Code to acquire your raw and metadata

Command exit status:
  0

Command output:
  (empty)

Work dir:
  /Users/dhanalakshmijothi/GTEx_Pro/work/6f/305ac781a14b88aee28e6a2943fe15

Tip: you can replicate the issue by changing to the process work dir and entering the command `bash .command.run`
Jan-20 17:55:57.666 [main] DEBUG nextflow.Session - Session await > all processes finished
Jan-20 17:55:57.666 [TaskFinalizer-1] DEBUG nextflow.Session - Session aborted -- Cause: Missing output file(s) `data/raw/*` expected by process `data_acquisition`
Jan-20 17:55:57.668 [Task monitor] DEBUG n.processor.TaskPollingMonitor - <<< barrier arrives (monitor: local) - terminating tasks monitor poll loop
Jan-20 17:55:57.668 [main] DEBUG nextflow.Session - Session await > all barriers passed
Jan-20 17:55:57.681 [main] DEBUG n.trace.WorkflowStatsObserver - Workflow completed > WorkflowStats[succeededCount=0; failedCount=1; ignoredCount=0; cachedCount=0; pendingCount=0; submittedCount=0; runningCount=0; retriesCount=0; abortedCount=0; succeedDuration=0ms; failedDuration=2ms; cachedDuration=0ms;loadCpus=0; loadMemory=0; peakRunning=1; peakCpus=1; peakMemory=0; ]
Jan-20 17:55:57.711 [TaskFinalizer-1] DEBUG nextflow.Session - 
Thread[Reference Handler,10,system]
  java.base@17.0.10/java.lang.ref.Reference.waitForReferencePendingList(Native Method)
  java.base@17.0.10/java.lang.ref.Reference.processPendingReferences(Reference.java:253)
  java.base@17.0.10/java.lang.ref.Reference$ReferenceHandler.run(Reference.java:215)

Thread[Actor Thread 5,5,main]
  java.base@17.0.10/jdk.internal.misc.Unsafe.park(Native Method)
  java.base@17.0.10/java.util.concurrent.locks.LockSupport.park(LockSupport.java:341)
  java.base@17.0.10/java.util.concurrent.SynchronousQueue$TransferStack$SNode.block(SynchronousQueue.java:288)
  java.base@17.0.10/java.util.concurrent.ForkJoinPool.unmanagedBlock(ForkJoinPool.java:3465)
  java.base@17.0.10/java.util.concurrent.ForkJoinPool.managedBlock(ForkJoinPool.java:3436)
  java.base@17.0.10/java.util.concurrent.SynchronousQueue$TransferStack.transfer(SynchronousQueue.java:397)
  java.base@17.0.10/java.util.concurrent.SynchronousQueue.take(SynchronousQueue.java:886)
  java.base@17.0.10/java.util.concurrent.ThreadPoolExecutor.getTask(ThreadPoolExecutor.java:1062)
  java.base@17.0.10/java.util.concurrent.ThreadPoolExecutor.runWorker(ThreadPoolExecutor.java:1122)
  java.base@17.0.10/java.util.concurrent.ThreadPoolExecutor$Worker.run(ThreadPoolExecutor.java:635)
  java.base@17.0.10/java.lang.Thread.run(Thread.java:840)

Thread[main,5,main]
  java.base@17.0.10/java.lang.Object.wait(Native Method)
  java.base@17.0.10/java.lang.Thread.join(Thread.java:1313)
  java.base@17.0.10/java.lang.Thread.join(Thread.java:1381)
  app//nextflow.trace.AnsiLogObserver.onFlowComplete(AnsiLogObserver.groovy:506)
  app//nextflow.Session.notifyFlowComplete(Session.groovy:1155)
  app//nextflow.Session.shutdown0(Session.groovy:749)
  app//nextflow.Session.destroy(Session.groovy:694)
  app//nextflow.script.ScriptRunner.shutdown(ScriptRunner.groovy:260)
  app//nextflow.script.ScriptRunner.execute(ScriptRunner.groovy:146)
  app//nextflow.cli.CmdRun.run(CmdRun.groovy:376)
  app//nextflow.cli.Launcher.run(Launcher.groovy:503)
  app//nextflow.cli.Launcher.main(Launcher.groovy:658)

Thread[AnsiLogObserver,5,main]
  java.base@17.0.10/java.lang.Object.wait(Native Method)
  app//nextflow.trace.AnsiLogObserver.render0(AnsiLogObserver.groovy:185)
  java.base@17.0.10/jdk.internal.reflect.NativeMethodAccessorImpl.invoke0(Native Method)
  java.base@17.0.10/jdk.internal.reflect.NativeMethodAccessorImpl.invoke(NativeMethodAccessorImpl.java:77)
  java.base@17.0.10/jdk.internal.reflect.DelegatingMethodAccessorImpl.invoke(DelegatingMethodAccessorImpl.java:43)
  java.base@17.0.10/java.lang.reflect.Method.invoke(Method.java:568)
  app//org.codehaus.groovy.reflection.CachedMethod.invoke(CachedMethod.java:343)
  app//groovy.lang.MetaMethod.doMethodInvoke(MetaMethod.java:328)
  app//groovy.lang.MetaClassImpl.doInvokeMethod(MetaClassImpl.java:1333)
  app//groovy.lang.MetaClassImpl.invokeMethod(MetaClassImpl.java:1088)
  app//groovy.lang.MetaClassImpl.invokeMethodClosure(MetaClassImpl.java:1017)
  app//groovy.lang.MetaClassImpl.doInvokeMethod(MetaClassImpl.java:1207)
  app//groovy.lang.MetaClassImpl.invokeMethod(MetaClassImpl.java:1088)
  app//groovy.lang.MetaClassImpl.invokeMethod(MetaClassImpl.java:1007)
  app//groovy.lang.Closure.call(Closure.java:433)
  app//groovy.lang.Closure.call(Closure.java:412)
  app//groovy.lang.Closure.run(Closure.java:505)
  java.base@17.0.10/java.lang.Thread.run(Thread.java:840)

Thread[Actor Thread 2,5,main]
  java.base@17.0.10/jdk.internal.misc.Unsafe.park(Native Method)
  java.base@17.0.10/java.util.concurrent.locks.LockSupport.park(LockSupport.java:341)
  java.base@17.0.10/java.util.concurrent.SynchronousQueue$TransferStack$SNode.block(SynchronousQueue.java:288)
  java.base@17.0.10/java.util.concurrent.ForkJoinPool.unmanagedBlock(ForkJoinPool.java:3465)
  java.base@17.0.10/java.util.concurrent.ForkJoinPool.managedBlock(ForkJoinPool.java:3436)
  java.base@17.0.10/java.util.concurrent.SynchronousQueue$TransferStack.transfer(SynchronousQueue.java:397)
  java.base@17.0.10/java.util.concurrent.SynchronousQueue.take(SynchronousQueue.java:886)
  java.base@17.0.10/java.util.concurrent.ThreadPoolExecutor.getTask(ThreadPoolExecutor.java:1062)
  java.base@17.0.10/java.util.concurrent.ThreadPoolExecutor.runWorker(ThreadPoolExecutor.java:1122)
  java.base@17.0.10/java.util.concurrent.ThreadPoolExecutor$Worker.run(ThreadPoolExecutor.java:635)
  java.base@17.0.10/java.lang.Thread.run(Thread.java:840)

Thread[Actor Thread 6,5,main]
  java.base@17.0.10/jdk.internal.misc.Unsafe.park(Native Method)
  java.base@17.0.10/java.util.concurrent.locks.LockSupport.park(LockSupport.java:341)
  java.base@17.0.10/java.util.concurrent.SynchronousQueue$TransferStack$SNode.block(SynchronousQueue.java:288)
  java.base@17.0.10/java.util.concurrent.ForkJoinPool.unmanagedBlock(ForkJoinPool.java:3465)
  java.base@17.0.10/java.util.concurrent.ForkJoinPool.managedBlock(ForkJoinPool.java:3436)
  java.base@17.0.10/java.util.concurrent.SynchronousQueue$TransferStack.transfer(SynchronousQueue.java:397)
  java.base@17.0.10/java.util.concurrent.SynchronousQueue.take(SynchronousQueue.java:886)
  java.base@17.0.10/java.util.concurrent.ThreadPoolExecutor.getTask(ThreadPoolExecutor.java:1062)
  java.base@17.0.10/java.util.concurrent.ThreadPoolExecutor.runWorker(ThreadPoolExecutor.java:1122)
  java.base@17.0.10/java.util.concurrent.ThreadPoolExecutor$Worker.run(ThreadPoolExecutor.java:635)
  java.base@17.0.10/java.lang.Thread.run(Thread.java:840)

Thread[Thread-1,5,main]
  java.base@17.0.10/jdk.internal.misc.Unsafe.park(Native Method)
  java.base@17.0.10/java.util.concurrent.locks.LockSupport.parkNanos(LockSupport.java:252)
  java.base@17.0.10/java.util.concurrent.locks.AbstractQueuedSynchronizer$ConditionObject.awaitNanos(AbstractQueuedSynchronizer.java:1672)
  java.base@17.0.10/java.util.concurrent.LinkedBlockingDeque.pollFirst(LinkedBlockingDeque.java:515)
  java.base@17.0.10/java.util.concurrent.LinkedBlockingDeque.poll(LinkedBlockingDeque.java:677)
  app//nextflow.util.SimpleAgent.run(SimpleAgent.groovy:89)
  java.base@17.0.10/jdk.internal.reflect.NativeMethodAccessorImpl.invoke0(Native Method)
  java.base@17.0.10/jdk.internal.reflect.NativeMethodAccessorImpl.invoke(NativeMethodAccessorImpl.java:77)
  java.base@17.0.10/jdk.internal.reflect.DelegatingMethodAccessorImpl.invoke(DelegatingMethodAccessorImpl.java:43)
  java.base@17.0.10/java.lang.reflect.Method.invoke(Method.java:568)
  app//org.codehaus.groovy.reflection.CachedMethod.invoke(CachedMethod.java:343)
  app//groovy.lang.MetaMethod.doMethodInvoke(MetaMethod.java:328)
  app//groovy.lang.MetaClassImpl.doInvokeMethod(MetaClassImpl.java:1333)
  app//groovy.lang.MetaClassImpl.invokeMethod(MetaClassImpl.java:1088)
  app//groovy.lang.MetaClassImpl.invokeMethodClosure(MetaClassImpl.java:1017)
  app//groovy.lang.MetaClassImpl.doInvokeMethod(MetaClassImpl.java:1207)
  app//groovy.lang.MetaClassImpl.invokeMethod(MetaClassImpl.java:1088)
  app//groovy.lang.MetaClassImpl.invokeMethod(MetaClassImpl.java:1007)
  app//groovy.lang.Closure.call(Closure.java:433)
  app//groovy.lang.Closure.call(Closure.java:412)
  app//groovy.lang.Closure.run(Closure.java:505)
  java.base@17.0.10/java.lang.Thread.run(Thread.java:840)

Thread[Common-Cleaner,8,InnocuousThreadGroup]
  java.base@17.0.10/java.lang.Object.wait(Native Method)
  java.base@17.0.10/java.lang.ref.ReferenceQueue.remove(ReferenceQueue.java:155)
  java.base@17.0.10/jdk.internal.ref.CleanerImpl.run(CleanerImpl.java:140)
  java.base@17.0.10/java.lang.Thread.run(Thread.java:840)
  java.base@17.0.10/jdk.internal.misc.InnocuousThread.run(InnocuousThread.java:162)

Thread[Task submitter,5,main]
  java.base@17.0.10/jdk.internal.misc.Unsafe.park(Native Method)
  java.base@17.0.10/java.util.concurrent.locks.LockSupport.park(LockSupport.java:341)
  java.base@17.0.10/java.util.concurrent.locks.AbstractQueuedSynchronizer$ConditionNode.block(AbstractQueuedSynchronizer.java:506)
  java.base@17.0.10/java.util.concurrent.ForkJoinPool.unmanagedBlock(ForkJoinPool.java:3465)
  java.base@17.0.10/java.util.concurrent.ForkJoinPool.managedBlock(ForkJoinPool.java:3436)
  java.base@17.0.10/java.util.concurrent.locks.AbstractQueuedSynchronizer$ConditionObject.await(AbstractQueuedSynchronizer.java:1623)
  app//nextflow.processor.TaskPollingMonitor.awaitTasks(TaskPollingMonitor.groovy:388)
  app//nextflow.processor.TaskPollingMonitor.submitLoop(TaskPollingMonitor.groovy:412)
  java.base@17.0.10/jdk.internal.reflect.NativeMethodAccessorImpl.invoke0(Native Method)
  java.base@17.0.10/jdk.internal.reflect.NativeMethodAccessorImpl.invoke(NativeMethodAccessorImpl.java:77)
  java.base@17.0.10/jdk.internal.reflect.DelegatingMethodAccessorImpl.invoke(DelegatingMethodAccessorImpl.java:43)
  java.base@17.0.10/java.lang.reflect.Method.invoke(Method.java:568)
  app//org.codehaus.groovy.reflection.CachedMethod.invoke(CachedMethod.java:343)
  app//groovy.lang.MetaMethod.doMethodInvoke(MetaMethod.java:328)
  app//groovy.lang.MetaClassImpl.doInvokeMethod(MetaClassImpl.java:1333)
  app//groovy.lang.MetaClassImpl.invokeMethod(MetaClassImpl.java:1088)
  app//groovy.lang.MetaClassImpl.invokeMethodClosure(MetaClassImpl.java:1017)
  app//groovy.lang.MetaClassImpl.doInvokeMethod(MetaClassImpl.java:1207)
  app//groovy.lang.MetaClassImpl.invokeMethod(MetaClassImpl.java:1088)
  app//groovy.lang.MetaClassImpl.invokeMethod(MetaClassImpl.java:1007)
  app//groovy.lang.Closure.call(Closure.java:433)
  app//groovy.lang.Closure.call(Closure.java:412)
  app//groovy.lang.Closure.run(Closure.java:505)
  java.base@17.0.10/java.lang.Thread.run(Thread.java:840)

Thread[Actor Thread 3,5,main]
  java.base@17.0.10/jdk.internal.misc.Unsafe.park(Native Method)
  java.base@17.0.10/java.util.concurrent.locks.LockSupport.park(LockSupport.java:341)
  java.base@17.0.10/java.util.concurrent.SynchronousQueue$TransferStack$SNode.block(SynchronousQueue.java:288)
  java.base@17.0.10/java.util.concurrent.ForkJoinPool.unmanagedBlock(ForkJoinPool.java:3465)
  java.base@17.0.10/java.util.concurrent.ForkJoinPool.managedBlock(ForkJoinPool.java:3436)
  java.base@17.0.10/java.util.concurrent.SynchronousQueue$TransferStack.transfer(SynchronousQueue.java:397)
  java.base@17.0.10/java.util.concurrent.SynchronousQueue.take(SynchronousQueue.java:886)
  java.base@17.0.10/java.util.concurrent.ThreadPoolExecutor.getTask(ThreadPoolExecutor.java:1062)
  java.base@17.0.10/java.util.concurrent.ThreadPoolExecutor.runWorker(ThreadPoolExecutor.java:1122)
  java.base@17.0.10/java.util.concurrent.ThreadPoolExecutor$Worker.run(ThreadPoolExecutor.java:635)
  java.base@17.0.10/java.lang.Thread.run(Thread.java:840)

Thread[Finalizer,8,system]
  java.base@17.0.10/java.lang.Object.wait(Native Method)
  java.base@17.0.10/java.lang.ref.ReferenceQueue.remove(ReferenceQueue.java:155)
  java.base@17.0.10/java.lang.ref.ReferenceQueue.remove(ReferenceQueue.java:176)
  java.base@17.0.10/java.lang.ref.Finalizer$FinalizerThread.run(Finalizer.java:172)

Thread[Actor Thread 4,5,main]
  java.base@17.0.10/jdk.internal.misc.Unsafe.park(Native Method)
  java.base@17.0.10/java.util.concurrent.locks.LockSupport.park(LockSupport.java:341)
  java.base@17.0.10/java.util.concurrent.SynchronousQueue$TransferStack$SNode.block(SynchronousQueue.java:288)
  java.base@17.0.10/java.util.concurrent.ForkJoinPool.unmanagedBlock(ForkJoinPool.java:3465)
  java.base@17.0.10/java.util.concurrent.ForkJoinPool.managedBlock(ForkJoinPool.java:3436)
  java.base@17.0.10/java.util.concurrent.SynchronousQueue$TransferStack.transfer(SynchronousQueue.java:397)
  java.base@17.0.10/java.util.concurrent.SynchronousQueue.take(SynchronousQueue.java:886)
  java.base@17.0.10/java.util.concurrent.ThreadPoolExecutor.getTask(ThreadPoolExecutor.java:1062)
  java.base@17.0.10/java.util.concurrent.ThreadPoolExecutor.runWorker(ThreadPoolExecutor.java:1122)
  java.base@17.0.10/java.util.concurrent.ThreadPoolExecutor$Worker.run(ThreadPoolExecutor.java:635)
  java.base@17.0.10/java.lang.Thread.run(Thread.java:840)

Thread[process reaper,10,system]
  java.base@17.0.10/jdk.internal.misc.Unsafe.park(Native Method)
  java.base@17.0.10/java.util.concurrent.locks.LockSupport.parkNanos(LockSupport.java:252)
  java.base@17.0.10/java.util.concurrent.SynchronousQueue$TransferStack.transfer(SynchronousQueue.java:401)
  java.base@17.0.10/java.util.concurrent.SynchronousQueue.poll(SynchronousQueue.java:903)
  java.base@17.0.10/java.util.concurrent.ThreadPoolExecutor.getTask(ThreadPoolExecutor.java:1061)
  java.base@17.0.10/java.util.concurrent.ThreadPoolExecutor.runWorker(ThreadPoolExecutor.java:1122)
  java.base@17.0.10/java.util.concurrent.ThreadPoolExecutor$Worker.run(ThreadPoolExecutor.java:635)
  java.base@17.0.10/java.lang.Thread.run(Thread.java:840)

Thread[Actor Thread 7,5,main]
  java.base@17.0.10/java.util.HashMap.hash(HashMap.java:338)
  java.base@17.0.10/java.util.HashMap.getNode(HashMap.java:568)
  java.base@17.0.10/java.util.LinkedHashMap.get(LinkedHashMap.java:441)
  java.base@17.0.10/java.util.jar.Attributes.get(Attributes.java:105)
  java.base@17.0.10/java.util.jar.Attributes.getValue(Attributes.java:141)
  java.base@17.0.10/jdk.internal.loader.BuiltinClassLoader.isSealed(BuiltinClassLoader.java:997)
  java.base@17.0.10/jdk.internal.loader.BuiltinClassLoader.getAndVerifyPackage(BuiltinClassLoader.java:911)
  java.base@17.0.10/jdk.internal.loader.BuiltinClassLoader.defineOrCheckPackage(BuiltinClassLoader.java:877)
  java.base@17.0.10/jdk.internal.loader.ClassLoaders$AppClassLoader.defineOrCheckPackage(ClassLoaders.java:211)
  java.base@17.0.10/jdk.internal.loader.BuiltinClassLoader.defineClass(BuiltinClassLoader.java:849)
  java.base@17.0.10/jdk.internal.loader.BuiltinClassLoader.findClassOnClassPathOrNull(BuiltinClassLoader.java:760)
  java.base@17.0.10/jdk.internal.loader.BuiltinClassLoader.loadClassOrNull(BuiltinClassLoader.java:681)
  java.base@17.0.10/jdk.internal.loader.BuiltinClassLoader.loadClass(BuiltinClassLoader.java:639)
  java.base@17.0.10/jdk.internal.loader.ClassLoaders$AppClassLoader.loadClass(ClassLoaders.java:188)
  java.base@17.0.10/java.lang.ClassLoader.loadClass(ClassLoader.java:525)
  app//com.esotericsoftware.kryo.Kryo.<init>(Kryo.java:132)
  java.base@17.0.10/java.lang.invoke.DirectMethodHandle$Holder.newInvokeSpecial(DirectMethodHandle$Holder)
  java.base@17.0.10/java.lang.invoke.LambdaForm$MH/0x0000000800225800.invoke(LambdaForm$MH)
  java.base@17.0.10/java.lang.invoke.LambdaForm$MH/0x0000000800228000.guardWithCatch(LambdaForm$MH)
  java.base@17.0.10/java.lang.invoke.LambdaForm$MH/0x0000000800139400.reinvoke(LambdaForm$MH)
  java.base@17.0.10/java.lang.invoke.LambdaForm$MH/0x0000000800139800.guard(LambdaForm$MH)
  java.base@17.0.10/java.lang.invoke.LambdaForm$MH/0x0000000800139400.reinvoke(LambdaForm$MH)
  java.base@17.0.10/java.lang.invoke.LambdaForm$MH/0x0000000800200800.invoke(LambdaForm$MH)
  java.base@17.0.10/java.lang.invoke.LambdaForm$MH/0x0000000800184000.invokeExact_MT(LambdaForm$MH)
  app//org.codehaus.groovy.vmplugin.v8.IndyInterface.fromCache(IndyInterface.java:321)
  java.base@17.0.10/java.lang.invoke.LambdaForm$DMH/0x0000000800130c00.invokeStatic(LambdaForm$DMH)
  java.base@17.0.10/java.lang.invoke.LambdaForm$MH/0x0000000800136400.invoke(LambdaForm$MH)
  java.base@17.0.10/java.lang.invoke.Invokers$Holder.linkToCallSite(Invokers$Holder)
  app//nextflow.util.KryoHelper.newInstance(SerializationHelper.groovy:87)
  java.base@17.0.10/jdk.internal.reflect.NativeMethodAccessorImpl.invoke0(Native Method)
  java.base@17.0.10/jdk.internal.reflect.NativeMethodAccessorImpl.invoke(NativeMethodAccessorImpl.java:77)
  java.base@17.0.10/jdk.internal.reflect.DelegatingMethodAccessorImpl.invoke(DelegatingMethodAccessorImpl.java:43)
  java.base@17.0.10/java.lang.reflect.Method.invoke(Method.java:568)
  app//org.codehaus.groovy.reflection.CachedMethod.invoke(CachedMethod.java:343)
  app//groovy.lang.MetaMethod.doMethodInvoke(MetaMethod.java:328)
  app//groovy.lang.MetaClassImpl.invokeStaticMethod(MetaClassImpl.java:1586)
  app//org.codehaus.groovy.runtime.InvokerHelper.invokeMethod(InvokerHelper.java:611)
  app//org.codehaus.groovy.runtime.ScriptBytecodeAdapter.invokeMethodN(ScriptBytecodeAdapter.java:182)
  app//nextflow.util.KryoHelper$1.methodMissing(SerializationHelper.groovy)
  java.base@17.0.10/jdk.internal.reflect.NativeMethodAccessorImpl.invoke0(Native Method)
  java.base@17.0.10/jdk.internal.reflect.NativeMethodAccessorImpl.invoke(NativeMethodAccessorImpl.java:77)
  java.base@17.0.10/jdk.internal.reflect.DelegatingMethodAccessorImpl.invoke(DelegatingMethodAccessorImpl.java:43)
  java.base@17.0.10/java.lang.reflect.Method.invoke(Method.java:568)
  app//org.codehaus.groovy.reflection.CachedMethod.invoke(CachedMethod.java:343)
  app//groovy.lang.MetaClassImpl.invokeMissingMethod(MetaClassImpl.java:924)
  app//groovy.lang.MetaClassImpl.invokePropertyOrMissing(MetaClassImpl.java:1413)
  app//groovy.lang.MetaClassImpl.doInvokeMethod(MetaClassImpl.java:1335)
  app//groovy.lang.MetaClassImpl.invokeMethod(MetaClassImpl.java:1088)
  app//groovy.lang.MetaClassImpl.invokeMethod(MetaClassImpl.java:1007)
  java.base@17.0.10/java.lang.invoke.LambdaForm$DMH/0x000000080013ac00.invokeInterface(LambdaForm$DMH)
  java.base@17.0.10/java.lang.invoke.LambdaForm$MH/0x000000080023f400.invoke(LambdaForm$MH)
  java.base@17.0.10/java.lang.invoke.LambdaForm$MH/0x000000080025ac00.invoke(LambdaForm$MH)
  java.base@17.0.10/java.lang.invoke.LambdaForm$MH/0x0000000800228000.guardWithCatch(LambdaForm$MH)
  java.base@17.0.10/java.lang.invoke.LambdaForm$MH/0x0000000800139400.reinvoke(LambdaForm$MH)
  java.base@17.0.10/java.lang.invoke.LambdaForm$MH/0x0000000800139800.guard(LambdaForm$MH)
  java.base@17.0.10/java.lang.invoke.LambdaForm$MH/0x0000000800139400.reinvoke(LambdaForm$MH)
  java.base@17.0.10/java.lang.invoke.LambdaForm$MH/0x0000000800139800.guard(LambdaForm$MH)
  java.base@17.0.10/java.lang.invoke.LambdaForm$MH/0x0000000800139400.reinvoke(LambdaForm$MH)
  java.base@17.0.10/java.lang.invoke.LambdaForm$MH/0x0000000800200800.invoke(LambdaForm$MH)
  java.base@17.0.10/java.lang.invoke.LambdaForm$MH/0x0000000800184000.invokeExact_MT(LambdaForm$MH)
  app//org.codehaus.groovy.vmplugin.v8.IndyInterface.fromCache(IndyInterface.java:321)
  java.base@17.0.10/java.lang.invoke.LambdaForm$DMH/0x0000000800130c00.invokeStatic(LambdaForm$DMH)
  java.base@17.0.10/java.lang.invoke.LambdaForm$MH/0x0000000800136400.invoke(LambdaForm$MH)
  java.base@17.0.10/java.lang.invoke.Invokers$Holder.linkToCallSite(Invokers$Holder)
  app//nextflow.util.KryoHelper$1.initialValue(SerializationHelper.groovy:60)
  app//nextflow.util.KryoHelper$1.initialValue(SerializationHelper.groovy)
  java.base@17.0.10/java.lang.ThreadLocal.setInitialValue(ThreadLocal.java:195)
  java.base@17.0.10/java.lang.ThreadLocal.get(ThreadLocal.java:172)
  java.base@17.0.10/java.lang.invoke.DirectMethodHandle$Holder.invokeVirtual(DirectMethodHandle$Holder)
  java.base@17.0.10/java.lang.invoke.LambdaForm$MH/0x0000000800228000.guardWithCatch(LambdaForm$MH)
  java.base@17.0.10/java.lang.invoke.LambdaForm$MH/0x0000000800139400.reinvoke(LambdaForm$MH)
  java.base@17.0.10/java.lang.invoke.LambdaForm$MH/0x0000000800139800.guard(LambdaForm$MH)
  java.base@17.0.10/java.lang.invoke.LambdaForm$MH/0x0000000800139400.reinvoke(LambdaForm$MH)
  java.base@17.0.10/java.lang.invoke.LambdaForm$MH/0x0000000800139800.guard(LambdaForm$MH)
  java.base@17.0.10/java.lang.invoke.LambdaForm$MH/0x0000000800139400.reinvoke(LambdaForm$MH)
  java.base@17.0.10/java.lang.invoke.LambdaForm$MH/0x0000000800200800.invoke(LambdaForm$MH)
  java.base@17.0.10/java.lang.invoke.LambdaForm$MH/0x0000000800184000.invokeExact_MT(LambdaForm$MH)
  app//org.codehaus.groovy.vmplugin.v8.IndyInterface.fromCache(IndyInterface.java:321)
  java.base@17.0.10/java.lang.invoke.LambdaForm$DMH/0x0000000800130c00.invokeStatic(LambdaForm$DMH)
  java.base@17.0.10/java.lang.invoke.LambdaForm$MH/0x0000000800136400.invoke(LambdaForm$MH)
  java.base@17.0.10/java.lang.invoke.Invokers$Holder.linkToCallSite(Invokers$Holder)
  app//nextflow.util.KryoHelper.kryo(SerializationHelper.groovy:79)
  java.base@17.0.10/java.lang.invoke.DirectMethodHandle$Holder.invokeStatic(DirectMethodHandle$Holder)
  java.base@17.0.10/java.lang.invoke.LambdaForm$MH/0x0000000800225800.invoke(LambdaForm$MH)
  java.base@17.0.10/java.lang.invoke.LambdaForm$MH/0x0000000800228000.guardWithCatch(LambdaForm$MH)
  java.base@17.0.10/java.lang.invoke.LambdaForm$MH/0x0000000800139400.reinvoke(LambdaForm$MH)
  java.base@17.0.10/java.lang.invoke.LambdaForm$MH/0x0000000800139800.guard(LambdaForm$MH)
  java.base@17.0.10/java.lang.invoke.LambdaForm$MH/0x0000000800139400.reinvoke(LambdaForm$MH)
  java.base@17.0.10/java.lang.invoke.LambdaForm$MH/0x0000000800200800.invoke(LambdaForm$MH)
  java.base@17.0.10/java.lang.invoke.LambdaForm$MH/0x0000000800184000.invokeExact_MT(LambdaForm$MH)
  app//org.codehaus.groovy.vmplugin.v8.IndyInterface.fromCache(IndyInterface.java:321)
  java.base@17.0.10/java.lang.invoke.LambdaForm$DMH/0x0000000800130c00.invokeStatic(LambdaForm$DMH)
  java.base@17.0.10/java.lang.invoke.LambdaForm$MH/0x0000000800136400.invoke(LambdaForm$MH)
  java.base@17.0.10/java.lang.invoke.Invokers$Holder.linkToCallSite(Invokers$Holder)
  app//nextflow.util.KryoHelper.serialize(SerializationHelper.groovy:166)
  app//nextflow.trace.TraceRecord.serialize(TraceRecord.groovy:573)
  app//nextflow.cache.CacheDB.writeTaskEntry0(CacheDB.groovy:147)
  java.base@17.0.10/jdk.internal.reflect.NativeMethodAccessorImpl.invoke0(Native Method)
  java.base@17.0.10/jdk.internal.reflect.NativeMethodAccessorImpl.invoke(NativeMethodAccessorImpl.java:77)
  java.base@17.0.10/jdk.internal.reflect.DelegatingMethodAccessorImpl.invoke(DelegatingMethodAccessorImpl.java:43)
  java.base@17.0.10/java.lang.reflect.Method.invoke(Method.java:568)
  app//org.codehaus.groovy.reflection.CachedMethod.invoke(CachedMethod.java:343)
  app//groovy.lang.MetaMethod.doMethodInvoke(MetaMethod.java:328)
  app//groovy.lang.MetaClassImpl.doInvokeMethod(MetaClassImpl.java:1333)
  app//groovy.lang.MetaClassImpl.invokeMethod(MetaClassImpl.java:1088)
  app//groovy.lang.MetaClassImpl.invokeMethod(MetaClassImpl.java:1007)
  app//org.codehaus.groovy.runtime.InvokerHelper.invokePogoMethod(InvokerHelper.java:645)
  app//org.codehaus.groovy.runtime.InvokerHelper.invokeMethod(InvokerHelper.java:628)
  app//org.codehaus.groovy.runtime.InvokerHelper.invokeMethodSafe(InvokerHelper.java:82)
  app//nextflow.cache.CacheDB$_putTaskAsync_closure1.doCall(CacheDB.groovy:157)
  app//nextflow.cache.CacheDB$_putTaskAsync_closure1.call(CacheDB.groovy)
  app//groovyx.gpars.agent.AgentBase.onMessage(AgentBase.java:102)
  app//groovyx.gpars.agent.Agent.handleMessage(Agent.java:84)
  app//groovyx.gpars.agent.AgentCore$1.handleMessage(AgentCore.java:48)
  app//groovyx.gpars.util.AsyncMessagingCore.run(AsyncMessagingCore.java:132)
  java.base@17.0.10/java.util.concurrent.ThreadPoolExecutor.runWorker(ThreadPoolExecutor.java:1136)
  java.base@17.0.10/java.util.concurrent.ThreadPoolExecutor$Worker.run(ThreadPoolExecutor.java:635)
  java.base@17.0.10/java.lang.Thread.run(Thread.java:840)

Thread[Notification Thread,9,system]

Thread[pool-2-thread-1,5,main]
  java.base@17.0.10/jdk.internal.misc.Unsafe.park(Native Method)
  java.base@17.0.10/java.util.concurrent.locks.LockSupport.park(LockSupport.java:341)
  java.base@17.0.10/java.util.concurrent.locks.AbstractQueuedSynchronizer$ConditionNode.block(AbstractQueuedSynchronizer.java:506)
  java.base@17.0.10/java.util.concurrent.ForkJoinPool.unmanagedBlock(ForkJoinPool.java:3465)
  java.base@17.0.10/java.util.concurrent.ForkJoinPool.managedBlock(ForkJoinPool.java:3436)
  java.base@17.0.10/java.util.concurrent.locks.AbstractQueuedSynchronizer$ConditionObject.await(AbstractQueuedSynchronizer.java:1623)
  java.base@17.0.10/java.util.concurrent.LinkedBlockingQueue.take(LinkedBlockingQueue.java:435)
  java.base@17.0.10/java.util.concurrent.ThreadPoolExecutor.getTask(ThreadPoolExecutor.java:1062)
  java.base@17.0.10/java.util.concurrent.ThreadPoolExecutor.runWorker(ThreadPoolExecutor.java:1122)
  java.base@17.0.10/java.util.concurrent.ThreadPoolExecutor$Worker.run(ThreadPoolExecutor.java:635)
  java.base@17.0.10/java.lang.Thread.run(Thread.java:840)

Thread[Signal Dispatcher,9,system]

Thread[TaskFinalizer-1,5,main]
  java.base@17.0.10/java.lang.Thread.dumpThreads(Native Method)
  java.base@17.0.10/java.lang.Thread.getAllStackTraces(Thread.java:1671)
  app//nextflow.util.SysHelper.dumpThreads(SysHelper.groovy:188)
  app//nextflow.Session.abort(Session.groovy:800)
  app//nextflow.Session.fault(Session.groovy:766)
  app//nextflow.processor.TaskPollingMonitor.finalizeTask(TaskPollingMonitor.groovy:695)
  app//nextflow.processor.TaskPollingMonitor.safeFinalizeTask(TaskPollingMonitor.groovy:678)
  java.base@17.0.10/jdk.internal.reflect.NativeMethodAccessorImpl.invoke0(Native Method)
  java.base@17.0.10/jdk.internal.reflect.NativeMethodAccessorImpl.invoke(NativeMethodAccessorImpl.java:77)
  java.base@17.0.10/jdk.internal.reflect.DelegatingMethodAccessorImpl.invoke(DelegatingMethodAccessorImpl.java:43)
  java.base@17.0.10/java.lang.reflect.Method.invoke(Method.java:568)
  app//org.codehaus.groovy.reflection.CachedMethod.invoke(CachedMethod.java:343)
  app//groovy.lang.MetaMethod.doMethodInvoke(MetaMethod.java:328)
  app//groovy.lang.MetaClassImpl.doInvokeMethod(MetaClassImpl.java:1333)
  app//groovy.lang.MetaClassImpl.invokeMethod(MetaClassImpl.java:1088)
  app//groovy.lang.MetaClassImpl.invokeMethod(MetaClassImpl.java:1007)
  app//org.codehaus.groovy.runtime.InvokerHelper.invokePogoMethod(InvokerHelper.java:645)
  app//org.codehaus.groovy.runtime.InvokerHelper.invokeMethod(InvokerHelper.java:628)
  app//org.codehaus.groovy.runtime.InvokerHelper.invokeMethodSafe(InvokerHelper.java:82)
  app//nextflow.processor.TaskPollingMonitor$_checkTaskStatus_lambda8.doCall(TaskPollingMonitor.groovy:668)
  app//nextflow.processor.TaskPollingMonitor$$Lambda$391/0x00000008004c37e0.run(Unknown Source)
  java.base@17.0.10/java.util.concurrent.Executors$RunnableAdapter.call(Executors.java:539)
  java.base@17.0.10/java.util.concurrent.FutureTask.run(FutureTask.java:264)
  java.base@17.0.10/java.util.concurrent.ThreadPoolExecutor.runWorker(ThreadPoolExecutor.java:1136)
  java.base@17.0.10/java.util.concurrent.ThreadPoolExecutor$Worker.run(ThreadPoolExecutor.java:635)
  java.base@17.0.10/java.lang.Thread.run(Thread.java:840)

Thread[Actor Thread 1,5,main]
  java.base@17.0.10/jdk.internal.misc.Unsafe.park(Native Method)
  java.base@17.0.10/java.util.concurrent.locks.LockSupport.park(LockSupport.java:341)
  java.base@17.0.10/java.util.concurrent.SynchronousQueue$TransferStack$SNode.block(SynchronousQueue.java:288)
  java.base@17.0.10/java.util.concurrent.ForkJoinPool.unmanagedBlock(ForkJoinPool.java:3465)
  java.base@17.0.10/java.util.concurrent.ForkJoinPool.managedBlock(ForkJoinPool.java:3436)
  java.base@17.0.10/java.util.concurrent.SynchronousQueue$TransferStack.transfer(SynchronousQueue.java:397)
  java.base@17.0.10/java.util.concurrent.SynchronousQueue.take(SynchronousQueue.java:886)
  java.base@17.0.10/java.util.concurrent.ThreadPoolExecutor.getTask(ThreadPoolExecutor.java:1062)
  java.base@17.0.10/java.util.concurrent.ThreadPoolExecutor.runWorker(ThreadPoolExecutor.java:1122)
  java.base@17.0.10/java.util.concurrent.ThreadPoolExecutor$Worker.run(ThreadPoolExecutor.java:635)
  java.base@17.0.10/java.lang.Thread.run(Thread.java:840)

Jan-20 17:55:57.712 [TaskFinalizer-1] WARN  nextflow.util.SimpleAgent - Got an interrupted exception while taking agent result | java.lang.InterruptedException
Jan-20 17:55:57.871 [main] DEBUG nextflow.cache.CacheDB - Closing CacheDB done
Jan-20 17:55:57.888 [main] DEBUG nextflow.script.ScriptRunner - > Execution complete -- Goodbye
